Arguments: 
  D:\node.exe C:\Users\鄢启轩\AppData\Roaming\npm\node_modules\yarn\bin\yarn.js

PATH: 
  C:\ProgramData\Oracle\Java\javapath;C:\Program Files (x86)\Intel\iCLS Client\;C:\Program Files\Intel\iCLS Client\;C:\windows\system32;C:\windows;C:\windows\System32\Wbem;C:\windows\System32\WindowsPowerShell\v1.0\;C:\Program Files (x86)\NVIDIA Corporation\PhysX\Common;C:\WINDOWS\system32;C:\WINDOWS;C:\WINDOWS\System32\Wbem;C:\WINDOWS\System32\WindowsPowerShell\v1.0\;C:\WINDOWS\system32\config\systemprofile\.dnx\bin;C:\Program Files\Microsoft DNX\Dnvm\;C:\Program Files\Microsoft SQL Server\130\Tools\Binn\;C:\Program Files (x86)\Intel\Intel(R) Management Engine Components\DAL;C:\Program Files\Intel\Intel(R) Management Engine Components\DAL;C:\Program Files (x86)\Intel\Intel(R) Management Engine Components\IPT;C:\Program Files\Intel\Intel(R) Management Engine Components\IPT;D:\Java\jdk-8u161-windows-x64\bin;C:\WINDOWS\System32\OpenSSH\;C:\Program Files\Intel\WiFi\bin\;C:\Program Files\Common Files\Intel\WirelessCommon\;D:\;D:\Git\cmd;C:\Program Files\TortoiseGit\bin;C:\Users\鄢启轩\AppData\Local\Yarn\bin;C:\Program Files\MySQL\MySQL Utilities 1.6\;E:\Microsoft Visual Studio\Common\Tools\WinNT;E:\Microsoft Visual Studio\Common\MSDev98\Bin;E:\Microsoft Visual Studio\Common\Tools;E:\Microsoft Visual Studio\VC98\bin;C:\Users\鄢启轩\AppData\Local\Microsoft\WindowsApps;;D:\Microsoft VS Code\bin;C:\Users\鄢启轩\AppData\Roaming\npm

Yarn version: 
  1.16.0

Node version: 
  11.10.0

Platform: 
  win32 x64

Trace: 
  Error: EEXIST: file already exists, mkdir 'D:\YQX\Node\koa-blog\node_modules\koa-views'

npm manifest: 
  {
    "name": "koa-blog",
    "version": "1.0.0",
    "description": "",
    "main": "index.js",
    "scripts": {
      "test": "echo \"Error: no test specified\" && exit 1"
    },
    "keywords": [],
    "author": "",
    "license": "ISC",
    "dependencies": {
      "ejs": "^2.6.1",
      "koa": "^2.7.0",
      "koa-router": "^7.4.0",
      "koa-static": "^5.0.0",
      "koa-views": "^6.2.0"
    }
  }

yarn manifest: 
  No manifest

Lockfile: 
  No lockfile
